  stdafx.cpp
  vector.cpp
  unit.cpp
  material.cpp
  ifcviewerView.cpp
  ifcviewerDoc.cpp
  ifcviewer.cpp
  headerInfo.cpp
  generic.cpp
  camera.cpp
d:\git\ifcdemo\ifcdemo\c++\ifcviewer\ifcviewer\camera.cpp(67): warning C4458: declaration of 'x' hides class member
  d:\git\ifcdemo\ifcdemo\c++\ifcviewer\ifcviewer\camera.h(31): note: see declaration of 'CCamera::x'
d:\git\ifcdemo\ifcdemo\c++\ifcviewer\ifcviewer\camera.cpp(74): warning C4458: declaration of 'x' hides class member
  d:\git\ifcdemo\ifcdemo\c++\ifcviewer\ifcviewer\camera.h(31): note: see declaration of 'CCamera::x'
  RightPane.cpp
d:\git\ifcdemo\ifcdemo\c++\ifcviewer\ifcviewer\rightpane.cpp(161): warning C4459: declaration of 'size' hides global declaration
  d:\git\ifcdemo\ifcdemo\c++\ifcviewer\ifcviewer\rightpane.cpp(20): note: see declaration of 'size'
d:\git\ifcdemo\ifcdemo\c++\ifcviewer\ifcviewer\rightpane.cpp(487): warning C4458: declaration of 'matWorld' hides class member
  d:\git\ifcdemo\ifcdemo\c++\ifcviewer\ifcviewer\rightpane.h(66): note: see declaration of 'CRightPane::matWorld'
d:\git\ifcdemo\ifcdemo\c++\ifcviewer\ifcviewer\rightpane.cpp(1105): warning C4459: declaration of 'center' hides global declaration
  d:\git\ifcdemo\ifcdemo\c++\ifcviewer\ifcviewer\rightpane.cpp(19): note: see declaration of 'center'
d:\git\ifcdemo\ifcdemo\c++\ifcviewer\ifcviewer\rightpane.cpp(1105): warning C4459: declaration of 'size' hides global declaration
  d:\git\ifcdemo\ifcdemo\c++\ifcviewer\ifcviewer\rightpane.cpp(20): note: see declaration of 'size'
d:\git\ifcdemo\ifcdemo\c++\ifcviewer\ifcviewer\rightpane.cpp(1122): warning C4459: declaration of 'center' hides global declaration
  d:\git\ifcdemo\ifcdemo\c++\ifcviewer\ifcviewer\rightpane.cpp(19): note: see declaration of 'center'
d:\git\ifcdemo\ifcdemo\c++\ifcviewer\ifcviewer\rightpane.cpp(1122): warning C4459: declaration of 'size' hides global declaration
  d:\git\ifcdemo\ifcdemo\c++\ifcviewer\ifcviewer\rightpane.cpp(20): note: see declaration of 'size'
d:\git\ifcdemo\ifcdemo\c++\ifcviewer\ifcviewer\rightpane.cpp(1173): warning C4459: declaration of 'center' hides global declaration
  d:\git\ifcdemo\ifcdemo\c++\ifcviewer\ifcviewer\rightpane.cpp(19): note: see declaration of 'center'
d:\git\ifcdemo\ifcdemo\c++\ifcviewer\ifcviewer\rightpane.cpp(1173): warning C4459: declaration of 'size' hides global declaration
  d:\git\ifcdemo\ifcdemo\c++\ifcviewer\ifcviewer\rightpane.cpp(20): note: see declaration of 'size'
d:\git\ifcdemo\ifcdemo\c++\ifcviewer\ifcviewer\rightpane.cpp(1669): warning C4458: declaration of 'matWorld' hides class member
  d:\git\ifcdemo\ifcdemo\c++\ifcviewer\ifcviewer\rightpane.h(66): note: see declaration of 'CRightPane::matWorld'
  ProgressWnd.cpp
  MainFrm.cpp
  LeftPane.cpp
d:\git\ifcdemo\ifcdemo\c++\ifcviewer\ifcviewer\leftpane.cpp(78): warning C4566: character represented by universal-character-name '\uFFFD' cannot be represented in the current code page (936)
d:\git\ifcdemo\ifcdemo\c++\ifcviewer\ifcviewer\leftpane.cpp(99): warning C4566: character represented by universal-character-name '\uFFFD' cannot be represented in the current code page (936)
d:\git\ifcdemo\ifcdemo\c++\ifcviewer\ifcviewer\leftpane.cpp(118): warning C4566: character represented by universal-character-name '\uFFFD' cannot be represented in the current code page (936)
d:\git\ifcdemo\ifcdemo\c++\ifcviewer\ifcviewer\leftpane.cpp(137): warning C4566: character represented by universal-character-name '\uFFFD' cannot be represented in the current code page (936)
d:\git\ifcdemo\ifcdemo\c++\ifcviewer\ifcviewer\leftpane.cpp(165): warning C4566: character represented by universal-character-name '\uFFFD' cannot be represented in the current code page (936)
  IFCEngineInteract.cpp
d:\git\ifcdemo\ifcdemo\c++\ifcviewer\ifcviewer\ifcengineinteract.cpp(230): warning C4456: declaration of 'buffer' hides previous local declaration
  d:\git\ifcdemo\ifcdemo\c++\ifcviewer\ifcviewer\ifcengineinteract.cpp(209): note: see declaration of 'buffer'
  GenericTreeItem.cpp
  Generating Code...
  ifcviewer.vcxproj -> D:\git\ifcDemo\ifcDemo\C++\ifcviewer\x64\Debug\ifcviewer-C++_Unicode_64bit_DEBUG.exe
  ifcviewer.vcxproj -> D:\git\ifcDemo\ifcDemo\C++\ifcviewer\x64\Debug\ifcviewer-C++_Unicode_64bit_DEBUG.pdb (Full PDB)
