

/******************************************************************************************
* WriteStepFile diagnostics.
* Date:                           Mon Nov 21 10:45:01 2016 
* Produced by:                    The EXPRESS Data Manager Version 5.02.0100.07 : 28 Aug 2013
* Module:                         EDMstepFileFactory/EDMstandAlone
* Host:                           ºîÏþÕü-PC
* Database:                       C:\Users\apple\AppData\Local\Temp\{7BF1D291-3AE3-4695-AD2C-7FE17CFD678F}\ifc
* Database version:               5507
* Database creation date:         Mon Nov 21 10:44:56 2016
* Model:                          DataRepository.ifc
* Model creation date:            Mon Nov 21 10:44:56 2016
* Header model:                   DataRepository.ifc_HeaderModel
* Header model creation date:     Mon Nov 21 10:44:56 2016
* Step file:                      {5565A332-D127-49B4-BC3E-70DB0D6CC71B}.ifc
* EDMuser:                        sdai-user
* EDMgroup:                       sdai-group
* License ID and type:            5605 : Permanent license. Expiry date: 
* EDMstepFileFactory options:     020000
******************************************************************************************/


------------------------------------------------------------------------------------------------
Operation terminated successfully.
------------------------------------------------------------------------------------------------

