

/******************************************************************************************
* WriteStepFile diagnostics.
* Date:                           Mon Nov 21 10:54:54 2016 
* Produced by:                    The EXPRESS Data Manager Version 5.02.0100.07 : 28 Aug 2013
* Module:                         EDMstepFileFactory/EDMstandAlone
* Host:                           ºîÏþÕü-PC
* Database:                       C:\Users\apple\AppData\Local\Temp\{765808C3-29A2-45A5-9FCD-B9B25677D4DA}\ifc
* Database version:               5507
* Database creation date:         Mon Nov 21 10:54:48 2016
* Model:                          DataRepository.ifc
* Model creation date:            Mon Nov 21 10:54:49 2016
* Header model:                   DataRepository.ifc_HeaderModel
* Header model creation date:     Mon Nov 21 10:54:49 2016
* Step file:                      {AFEAD017-5177-460B-BD95-6EF127ECA33F}.ifc
* EDMuser:                        sdai-user
* EDMgroup:                       sdai-group
* License ID and type:            5605 : Permanent license. Expiry date: 
* EDMstepFileFactory options:     020000
******************************************************************************************/


------------------------------------------------------------------------------------------------
Operation terminated successfully.
------------------------------------------------------------------------------------------------

