

/******************************************************************************************
* WriteStepFile diagnostics.
* Date:                           Mon Nov 21 10:57:49 2016 
* Produced by:                    The EXPRESS Data Manager Version 5.02.0100.07 : 28 Aug 2013
* Module:                         EDMstepFileFactory/EDMstandAlone
* Host:                           ºîÏþÕü-PC
* Database:                       C:\Users\apple\AppData\Local\Temp\{275812A2-2297-405E-9673-4429CCCF8A8B}\ifc
* Database version:               5507
* Database creation date:         Mon Nov 21 10:56:57 2016
* Model:                          DataRepository.ifc
* Model creation date:            Mon Nov 21 10:56:57 2016
* Header model:                   DataRepository.ifc_HeaderModel
* Header model creation date:     Mon Nov 21 10:56:57 2016
* Step file:                      {B45DA877-BCF5-4D13-870A-5814AD880A39}.ifc
* EDMuser:                        sdai-user
* EDMgroup:                       sdai-group
* License ID and type:            5605 : Permanent license. Expiry date: 
* EDMstepFileFactory options:     020000
******************************************************************************************/


------------------------------------------------------------------------------------------------
Operation terminated successfully.
------------------------------------------------------------------------------------------------

